  [1m[35m (3.0ms)[0m  [1m[35mCREATE TABLE "schema_migrations" ("version" varchar NOT NULL PRIMARY KEY) /*application='Readingchallenge'*/[0m
  [1m[35m (0.2ms)[0m  [1m[35mCREATE TABLE "ar_internal_metadata" ("key" varchar NOT NULL PRIMARY KEY, "value" varchar, "created_at" datetime(6) NOT NULL, "updated_at" datetime(6) NOT NULL) /*application='Readingchallenge'*/[0m
  [1m[36mActiveRecord::InternalMetadata Load (0.1ms)[0m  [1m[34mSELECT * FROM "ar_internal_metadata" WHERE "ar_internal_metadata"."key" = 'environment' ORDER BY "ar_internal_metadata"."key" ASC LIMIT 1 /*application='Readingchallenge'*/[0m
  [1m[36mActiveRecord::InternalMetadata Create (0.3ms)[0m  [1m[32mINSERT INTO "ar_internal_metadata" ("key", "value", "created_at", "updated_at") VALUES ('environment', 'development', '2025-10-17 22:19:14.640164', '2025-10-17 22:19:14.640172') RETURNING "key" /*application='Readingchallenge'*/[0m
  [1m[36mActiveRecord::SchemaMigration Load (0.2ms)[0m  [1m[34mSELECT "schema_migrations"."version" FROM "schema_migrations" ORDER BY "schema_migrations"."version" ASC /*application='Readingchallenge'*/[0m
Migrating to CreateUsers (20251017221447)
  [1m[36mTRANSACTION (0.1ms)[0m  [1m[35mBEGIN immediate TRANSACTION /*application='Readingchallenge'*/[0m
  [1m[35m (3.9ms)[0m  [1m[35mCREATE TABLE "users" ("id" integer PRIMARY KEY AUTOINCREMENT NOT NULL, "username" varchar, "email" varchar, "password_digest" varchar, "created_at" datetime(6) NOT NULL, "updated_at" datetime(6) NOT NULL) /*application='Readingchallenge'*/[0m
  [1m[36mActiveRecord::SchemaMigration Create (0.2ms)[0m  [1m[32mINSERT INTO "schema_migrations" ("version") VALUES ('20251017221447') RETURNING "version" /*application='Readingchallenge'*/[0m
  [1m[36mTRANSACTION (0.2ms)[0m  [1m[35mCOMMIT TRANSACTION /*application='Readingchallenge'*/[0m
Migrating to CreateBooks (20251017221547)
  [1m[36mTRANSACTION (0.1ms)[0m  [1m[35mBEGIN immediate TRANSACTION /*application='Readingchallenge'*/[0m
  [1m[35m (2.2ms)[0m  [1m[35mCREATE TABLE "books" ("id" integer PRIMARY KEY AUTOINCREMENT NOT NULL, "title" varchar, "author" varchar, "pages" integer, "description" text, "url" varchar, "user_id" integer NOT NULL, "created_at" datetime(6) NOT NULL, "updated_at" datetime(6) NOT NULL, CONSTRAINT "fk_rails_bc582ddd02"
FOREIGN KEY ("user_id")
  REFERENCES "users" ("id")
) /*application='Readingchallenge'*/[0m
  [1m[35m (0.2ms)[0m  [1m[35mCREATE INDEX "index_books_on_user_id" ON "books" ("user_id") /*application='Readingchallenge'*/[0m
  [1m[36mActiveRecord::SchemaMigration Create (8.4ms)[0m  [1m[32mINSERT INTO "schema_migrations" ("version") VALUES ('20251017221547') RETURNING "version" /*application='Readingchallenge'*/[0m
  [1m[36mTRANSACTION (1.2ms)[0m  [1m[35mCOMMIT TRANSACTION /*application='Readingchallenge'*/[0m
Migrating to CreateVotes (20251017221615)
  [1m[36mTRANSACTION (0.1ms)[0m  [1m[35mBEGIN immediate TRANSACTION /*application='Readingchallenge'*/[0m
  [1m[35m (10.3ms)[0m  [1m[35mCREATE TABLE "votes" ("id" integer PRIMARY KEY AUTOINCREMENT NOT NULL, "user_id" integer NOT NULL, "book_id" integer NOT NULL, "approved" boolean, "created_at" datetime(6) NOT NULL, "updated_at" datetime(6) NOT NULL, CONSTRAINT "fk_rails_c9b3bef597"
FOREIGN KEY ("user_id")
  REFERENCES "users" ("id")
, CONSTRAINT "fk_rails_5c28554e6a"
FOREIGN KEY ("book_id")
  REFERENCES "books" ("id")
) /*application='Readingchallenge'*/[0m
  [1m[35m (0.1ms)[0m  [1m[35mCREATE INDEX "index_votes_on_user_id" ON "votes" ("user_id") /*application='Readingchallenge'*/[0m
  [1m[35m (0.1ms)[0m  [1m[35mCREATE INDEX "index_votes_on_book_id" ON "votes" ("book_id") /*application='Readingchallenge'*/[0m
  [1m[36mActiveRecord::SchemaMigration Create (0.2ms)[0m  [1m[32mINSERT INTO "schema_migrations" ("version") VALUES ('20251017221615') RETURNING "version" /*application='Readingchallenge'*/[0m
  [1m[36mTRANSACTION (0.9ms)[0m  [1m[35mCOMMIT TRANSACTION /*application='Readingchallenge'*/[0m
  [1m[36mActiveRecord::SchemaMigration Load (0.2ms)[0m  [1m[34mSELECT "schema_migrations"."version" FROM "schema_migrations" ORDER BY "schema_migrations"."version" ASC /*application='Readingchallenge'*/[0m
  [1m[36mActiveRecord::SchemaMigration Load (1.6ms)[0m  [1m[34mSELECT "schema_migrations"."version" FROM "schema_migrations" ORDER BY "schema_migrations"."version" ASC /*application='Readingchallenge'*/[0m
  [1m[36mVote Load (0.1ms)[0m  [1m[34mSELECT "votes".* FROM "votes" /*application='Readingchallenge'*/[0m
  [1m[36mBook Load (0.1ms)[0m  [1m[34mSELECT "books".* FROM "books" /*application='Readingchallenge'*/[0m
  [1m[36mUser Load (0.1ms)[0m  [1m[34mSELECT "users".* FROM "users" /*application='Readingchallenge'*/[0m
  [1m[36mTRANSACTION (6.1ms)[0m  [1m[35mBEGIN immediate TRANSACTION /*application='Readingchallenge'*/[0m
  [1m[36mUser Exists? (21.6ms)[0m  [1m[34mSELECT 1 AS one FROM "users" WHERE "users"."username" = 'alice' LIMIT 1 /*application='Readingchallenge'*/[0m
  [1m[36mUser Exists? (0.2ms)[0m  [1m[34mSELECT 1 AS one FROM "users" WHERE "users"."email" = 'alice@example.com' LIMIT 1 /*application='Readingchallenge'*/[0m
  [1m[36mUser Create (0.6ms)[0m  [1m[32mINSERT INTO "users" ("username", "email", "password_digest", "created_at", "updated_at") VALUES ('alice', 'alice@example.com', '$2a$12$quhkxn32INF56bjCIBrbM.ADwdrHzppQifZF/ywuKCct3GFYUBUly', '2025-10-17 22:26:10.422125', '2025-10-17 22:26:10.422125') RETURNING "id" /*application='Readingchallenge'*/[0m
  [1m[36mTRANSACTION (0.9ms)[0m  [1m[35mCOMMIT TRANSACTION /*application='Readingchallenge'*/[0m
  [1m[36mTRANSACTION (0.1ms)[0m  [1m[35mBEGIN immediate TRANSACTION /*application='Readingchallenge'*/[0m
  [1m[36mUser Exists? (1.9ms)[0m  [1m[34mSELECT 1 AS one FROM "users" WHERE "users"."username" = 'bob' LIMIT 1 /*application='Readingchallenge'*/[0m
  [1m[36mUser Exists? (0.1ms)[0m  [1m[34mSELECT 1 AS one FROM "users" WHERE "users"."email" = 'bob@example.com' LIMIT 1 /*application='Readingchallenge'*/[0m
  [1m[36mUser Create (0.2ms)[0m  [1m[32mINSERT INTO "users" ("username", "email", "password_digest", "created_at", "updated_at") VALUES ('bob', 'bob@example.com', '$2a$12$BP8D3mWibuNePCRRIc9i0ei83VkzidD.xGTChbHUz8ICrdAQ7OuRu', '2025-10-17 22:26:10.777310', '2025-10-17 22:26:10.777310') RETURNING "id" /*application='Readingchallenge'*/[0m
  [1m[36mTRANSACTION (0.1ms)[0m  [1m[35mCOMMIT TRANSACTION /*application='Readingchallenge'*/[0m
  [1m[36mTRANSACTION (0.1ms)[0m  [1m[35mBEGIN immediate TRANSACTION /*application='Readingchallenge'*/[0m
  [1m[36mUser Exists? (6.3ms)[0m  [1m[34mSELECT 1 AS one FROM "users" WHERE "users"."username" = 'charlie' LIMIT 1 /*application='Readingchallenge'*/[0m
  [1m[36mUser Exists? (0.1ms)[0m  [1m[34mSELECT 1 AS one FROM "users" WHERE "users"."email" = 'charlie@example.com' LIMIT 1 /*application='Readingchallenge'*/[0m
  [1m[36mUser Create (0.2ms)[0m  [1m[32mINSERT INTO "users" ("username", "email", "password_digest", "created_at", "updated_at") VALUES ('charlie', 'charlie@example.com', '$2a$12$HDRPKT2Vs9CYFz/DFd6l6.5QyU0sQ8DqL2aEiz57vDz/UEZKH/Hfq', '2025-10-17 22:26:11.093315', '2025-10-17 22:26:11.093315') RETURNING "id" /*application='Readingchallenge'*/[0m
  [1m[36mTRANSACTION (0.1ms)[0m  [1m[35mCOMMIT TRANSACTION /*application='Readingchallenge'*/[0m
  [1m[36mUser Count (0.8ms)[0m  [1m[34mSELECT COUNT(*) FROM "users" /*application='Readingchallenge'*/[0m
  [1m[36mTRANSACTION (0.2ms)[0m  [1m[35mBEGIN immediate TRANSACTION /*application='Readingchallenge'*/[0m
  [1m[36mBook Create (2.8ms)[0m  [1m[32mINSERT INTO "books" ("title", "author", "pages", "description", "url", "user_id", "created_at", "updated_at") VALUES ('The Great Gatsby', 'F. Scott Fitzgerald', 180, 'A classic American novel set in the Jazz Age.', 'https://www.amazon.com/Great-Gatsby-F-Scott-Fitzgerald/dp/0743273565', 1, '2025-10-17 22:26:11.191931', '2025-10-17 22:26:11.191931') RETURNING "id" /*application='Readingchallenge'*/[0m
  [1m[36mTRANSACTION (0.1ms)[0m  [1m[35mCOMMIT TRANSACTION /*application='Readingchallenge'*/[0m
  [1m[36mTRANSACTION (0.1ms)[0m  [1m[35mBEGIN immediate TRANSACTION /*application='Readingchallenge'*/[0m
  [1m[36mBook Create (1.7ms)[0m  [1m[32mINSERT INTO "books" ("title", "author", "pages", "description", "url", "user_id", "created_at", "updated_at") VALUES ('To Kill a Mockingbird', 'Harper Lee', 324, 'A gripping tale of racial injustice and childhood innocence.', 'https://www.amazon.com/Kill-Mockingbird-Harper-Lee/dp/0060935464', 1, '2025-10-17 22:26:11.225201', '2025-10-17 22:26:11.225201') RETURNING "id" /*application='Readingchallenge'*/[0m
  [1m[36mTRANSACTION (0.1ms)[0m  [1m[35mCOMMIT TRANSACTION /*application='Readingchallenge'*/[0m
  [1m[36mTRANSACTION (0.1ms)[0m  [1m[35mBEGIN immediate TRANSACTION /*application='Readingchallenge'*/[0m
  [1m[36mBook Create (1.9ms)[0m  [1m[32mINSERT INTO "books" ("title", "author", "pages", "description", "url", "user_id", "created_at", "updated_at") VALUES ('1984', 'George Orwell', 328, 'A dystopian social science fiction novel.', 'https://www.amazon.com/1984-George-Orwell/dp/0451524934', 2, '2025-10-17 22:26:11.258280', '2025-10-17 22:26:11.258280') RETURNING "id" /*application='Readingchallenge'*/[0m
  [1m[36mTRANSACTION (0.1ms)[0m  [1m[35mCOMMIT TRANSACTION /*application='Readingchallenge'*/[0m
  [1m[36mTRANSACTION (0.0ms)[0m  [1m[35mBEGIN immediate TRANSACTION /*application='Readingchallenge'*/[0m
  [1m[36mBook Create (7.1ms)[0m  [1m[32mINSERT INTO "books" ("title", "author", "pages", "description", "url", "user_id", "created_at", "updated_at") VALUES ('The Hobbit', 'J.R.R. Tolkien', 310, 'A fantasy novel about a hobbit''s unexpected journey.', 'https://www.amazon.com/Hobbit-J-R-R-Tolkien/dp/054792822X', 2, '2025-10-17 22:26:11.266478', '2025-10-17 22:26:11.266478') RETURNING "id" /*application='Readingchallenge'*/[0m
  [1m[36mTRANSACTION (0.1ms)[0m  [1m[35mCOMMIT TRANSACTION /*application='Readingchallenge'*/[0m
  [1m[36mTRANSACTION (0.1ms)[0m  [1m[35mBEGIN immediate TRANSACTION /*application='Readingchallenge'*/[0m
  [1m[36mBook Create (1.4ms)[0m  [1m[32mINSERT INTO "books" ("title", "author", "pages", "description", "url", "user_id", "created_at", "updated_at") VALUES ('Pride and Prejudice', 'Jane Austen', 279, 'A romantic novel of manners.', 'https://www.amazon.com/Pride-Prejudice-Jane-Austen/dp/0141439513', 3, '2025-10-17 22:26:11.278593', '2025-10-17 22:26:11.278593') RETURNING "id" /*application='Readingchallenge'*/[0m
  [1m[36mTRANSACTION (0.1ms)[0m  [1m[35mCOMMIT TRANSACTION /*application='Readingchallenge'*/[0m
  [1m[36mBook Count (0.1ms)[0m  [1m[34mSELECT COUNT(*) FROM "books" /*application='Readingchallenge'*/[0m
  [1m[36mTRANSACTION (0.1ms)[0m  [1m[35mBEGIN immediate TRANSACTION /*application='Readingchallenge'*/[0m
  [1m[36mVote Exists? (1.5ms)[0m  [1m[34mSELECT 1 AS one FROM "votes" WHERE "votes"."user_id" = 2 AND "votes"."book_id" = 1 LIMIT 1 /*application='Readingchallenge'*/[0m
  [1m[36mVote Create (0.1ms)[0m  [1m[32mINSERT INTO "votes" ("user_id", "book_id", "approved", "created_at", "updated_at") VALUES (2, 1, 1, '2025-10-17 22:26:11.347016', '2025-10-17 22:26:11.347016') RETURNING "id" /*application='Readingchallenge'*/[0m
  [1m[36mTRANSACTION (0.2ms)[0m  [1m[35mCOMMIT TRANSACTION /*application='Readingchallenge'*/[0m
  [1m[36mTRANSACTION (0.4ms)[0m  [1m[35mBEGIN immediate TRANSACTION /*application='Readingchallenge'*/[0m
  [1m[36mVote Exists? (1.7ms)[0m  [1m[34mSELECT 1 AS one FROM "votes" WHERE "votes"."user_id" = 3 AND "votes"."book_id" = 1 LIMIT 1 /*application='Readingchallenge'*/[0m
  [1m[36mVote Create (0.1ms)[0m  [1m[32mINSERT INTO "votes" ("user_id", "book_id", "approved", "created_at", "updated_at") VALUES (3, 1, 1, '2025-10-17 22:26:11.365296', '2025-10-17 22:26:11.365296') RETURNING "id" /*application='Readingchallenge'*/[0m
  [1m[36mTRANSACTION (0.1ms)[0m  [1m[35mCOMMIT TRANSACTION /*application='Readingchallenge'*/[0m
  [1m[36mTRANSACTION (0.1ms)[0m  [1m[35mBEGIN immediate TRANSACTION /*application='Readingchallenge'*/[0m
  [1m[36mVote Exists? (1.4ms)[0m  [1m[34mSELECT 1 AS one FROM "votes" WHERE "votes"."user_id" = 2 AND "votes"."book_id" = 2 LIMIT 1 /*application='Readingchallenge'*/[0m
  [1m[36mVote Create (0.1ms)[0m  [1m[32mINSERT INTO "votes" ("user_id", "book_id", "approved", "created_at", "updated_at") VALUES (2, 2, 0, '2025-10-17 22:26:11.383343', '2025-10-17 22:26:11.383343') RETURNING "id" /*application='Readingchallenge'*/[0m
  [1m[36mTRANSACTION (0.1ms)[0m  [1m[35mCOMMIT TRANSACTION /*application='Readingchallenge'*/[0m
  [1m[36mTRANSACTION (0.0ms)[0m  [1m[35mBEGIN immediate TRANSACTION /*application='Readingchallenge'*/[0m
  [1m[36mVote Exists? (1.2ms)[0m  [1m[34mSELECT 1 AS one FROM "votes" WHERE "votes"."user_id" = 3 AND "votes"."book_id" = 2 LIMIT 1 /*application='Readingchallenge'*/[0m
  [1m[36mVote Create (0.1ms)[0m  [1m[32mINSERT INTO "votes" ("user_id", "book_id", "approved", "created_at", "updated_at") VALUES (3, 2, 1, '2025-10-17 22:26:11.389436', '2025-10-17 22:26:11.389436') RETURNING "id" /*application='Readingchallenge'*/[0m
  [1m[36mTRANSACTION (0.1ms)[0m  [1m[35mCOMMIT TRANSACTION /*application='Readingchallenge'*/[0m
  [1m[36mTRANSACTION (0.0ms)[0m  [1m[35mBEGIN immediate TRANSACTION /*application='Readingchallenge'*/[0m
  [1m[36mVote Exists? (1.5ms)[0m  [1m[34mSELECT 1 AS one FROM "votes" WHERE "votes"."user_id" = 1 AND "votes"."book_id" = 3 LIMIT 1 /*application='Readingchallenge'*/[0m
  [1m[36mVote Create (0.1ms)[0m  [1m[32mINSERT INTO "votes" ("user_id", "book_id", "approved", "created_at", "updated_at") VALUES (1, 3, 0, '2025-10-17 22:26:11.397329', '2025-10-17 22:26:11.397329') RETURNING "id" /*application='Readingchallenge'*/[0m
  [1m[36mTRANSACTION (0.1ms)[0m  [1m[35mCOMMIT TRANSACTION /*application='Readingchallenge'*/[0m
  [1m[36mTRANSACTION (0.0ms)[0m  [1m[35mBEGIN immediate TRANSACTION /*application='Readingchallenge'*/[0m
  [1m[36mVote Exists? (1.2ms)[0m  [1m[34mSELECT 1 AS one FROM "votes" WHERE "votes"."user_id" = 3 AND "votes"."book_id" = 3 LIMIT 1 /*application='Readingchallenge'*/[0m
  [1m[36mVote Create (0.1ms)[0m  [1m[32mINSERT INTO "votes" ("user_id", "book_id", "approved", "created_at", "updated_at") VALUES (3, 3, 0, '2025-10-17 22:26:11.403685', '2025-10-17 22:26:11.403685') RETURNING "id" /*application='Readingchallenge'*/[0m
  [1m[36mTRANSACTION (0.1ms)[0m  [1m[35mCOMMIT TRANSACTION /*application='Readingchallenge'*/[0m
  [1m[36mTRANSACTION (0.1ms)[0m  [1m[35mBEGIN immediate TRANSACTION /*application='Readingchallenge'*/[0m
  [1m[36mVote Exists? (1.3ms)[0m  [1m[34mSELECT 1 AS one FROM "votes" WHERE "votes"."user_id" = 1 AND "votes"."book_id" = 4 LIMIT 1 /*application='Readingchallenge'*/[0m
  [1m[36mVote Create (0.1ms)[0m  [1m[32mINSERT INTO "votes" ("user_id", "book_id", "approved", "created_at", "updated_at") VALUES (1, 4, 1, '2025-10-17 22:26:11.415342', '2025-10-17 22:26:11.415342') RETURNING "id" /*application='Readingchallenge'*/[0m
  [1m[36mTRANSACTION (0.1ms)[0m  [1m[35mCOMMIT TRANSACTION /*application='Readingchallenge'*/[0m
  [1m[36mTRANSACTION (0.0ms)[0m  [1m[35mBEGIN immediate TRANSACTION /*application='Readingchallenge'*/[0m
  [1m[36mVote Exists? (1.3ms)[0m  [1m[34mSELECT 1 AS one FROM "votes" WHERE "votes"."user_id" = 1 AND "votes"."book_id" = 5 LIMIT 1 /*application='Readingchallenge'*/[0m
  [1m[36mVote Create (0.1ms)[0m  [1m[32mINSERT INTO "votes" ("user_id", "book_id", "approved", "created_at", "updated_at") VALUES (1, 5, 1, '2025-10-17 22:26:11.434246', '2025-10-17 22:26:11.434246') RETURNING "id" /*application='Readingchallenge'*/[0m
  [1m[36mTRANSACTION (0.1ms)[0m  [1m[35mCOMMIT TRANSACTION /*application='Readingchallenge'*/[0m
  [1m[36mTRANSACTION (0.1ms)[0m  [1m[35mBEGIN immediate TRANSACTION /*application='Readingchallenge'*/[0m
  [1m[36mVote Exists? (1.5ms)[0m  [1m[34mSELECT 1 AS one FROM "votes" WHERE "votes"."user_id" = 2 AND "votes"."book_id" = 5 LIMIT 1 /*application='Readingchallenge'*/[0m
  [1m[36mVote Create (0.1ms)[0m  [1m[32mINSERT INTO "votes" ("user_id", "book_id", "approved", "created_at", "updated_at") VALUES (2, 5, 1, '2025-10-17 22:26:11.449010', '2025-10-17 22:26:11.449010') RETURNING "id" /*application='Readingchallenge'*/[0m
  [1m[36mTRANSACTION (0.1ms)[0m  [1m[35mCOMMIT TRANSACTION /*application='Readingchallenge'*/[0m
  [1m[36mVote Count (0.1ms)[0m  [1m[34mSELECT COUNT(*) FROM "votes" /*application='Readingchallenge'*/[0m
